<?xml version="1.0" encoding="UTF-8"?>
<testng-results skipped="0" failed="0" ignored="0" total="4" passed="4">
  <reporter-output>
  </reporter-output>
  <suite name="Default suite" duration-ms="401" started-at="2019-06-25T07:27:45Z" finished-at="2019-06-25T07:27:46Z">
    <groups>
    </groups>
    <test name="Default test" duration-ms="401" started-at="2019-06-25T07:27:45Z" finished-at="2019-06-25T07:27:46Z">
      <class name="com.testng.TestNGProject.ParallelExecution">
        <test-method status="PASS" signature="test1()[pri:0, instance:com.testng.TestNGProject.ParallelExecution@51081592]" name="test1" duration-ms="89" started-at="2019-06-25T07:27:45Z" finished-at="2019-06-25T07:27:45Z">
          <reporter-output>
          </reporter-output>
        </test-method> <!-- test1 -->
        <test-method status="PASS" signature="test2()[pri:0, instance:com.testng.TestNGProject.ParallelExecution@51081592]" name="test2" duration-ms="11" started-at="2019-06-25T07:27:45Z" finished-at="2019-06-25T07:27:45Z">
          <reporter-output>
          </reporter-output>
        </test-method> <!-- test2 -->
        <test-method status="PASS" signature="test3()[pri:0, instance:com.testng.TestNGProject.ParallelExecution@51081592]" name="test3" duration-ms="8" started-at="2019-06-25T07:27:45Z" finished-at="2019-06-25T07:27:45Z">
          <reporter-output>
          </reporter-output>
        </test-method> <!-- test3 -->
        <test-method status="PASS" signature="test4()[pri:0, instance:com.testng.TestNGProject.ParallelExecution@51081592]" name="test4" duration-ms="6" started-at="2019-06-25T07:27:45Z" finished-at="2019-06-25T07:27:46Z">
          <reporter-output>
          </reporter-output>
        </test-method> <!-- test4 -->
      </class> <!-- com.testng.TestNGProject.ParallelExecution -->
    </test> <!-- Default test -->
  </suite> <!-- Default suite -->
</testng-results>
